2019-09-25 14:38:01,746 - INFO - User.py - login - 20 - 请求路径：/user/login，请求参数：CombinedMultiDict([ImmutableMultiDict([]), ImmutableMultiDict([('login_name', 'admin'), ('login_pwd', '123')])])
2019-09-25 14:38:01,990 - INFO - User.py - login - 47 - admin密码输错，输入为:123
2019-09-25 14:40:44,461 - INFO - application.py - <module> - 47 - ceshiceshi
2019-09-25 14:42:24,365 - INFO - User.py - login - 20 - 请求路径：/user/login，请求参数：CombinedMultiDict([ImmutableMultiDict([]), ImmutableMultiDict([('login_name', 'admin'), ('login_pwd', '123456')])])
2019-09-25 14:42:29,355 - INFO - application.py - <module> - 47 - ceshiceshi
2019-09-25 14:42:36,456 - INFO - User.py - login - 20 - 请求路径：/user/login，请求参数：CombinedMultiDict([ImmutableMultiDict([]), ImmutableMultiDict([('login_name', 'admin'), ('login_pwd', '123456')])])
2019-09-25 14:42:36,689 - INFO - User.py - login - 37 - admin登陆成功
2019-09-25 14:42:36,692 - INFO - User.py - login - 40 - admin生成的cookie：1f954558e04e141e7189ec02b504f98c
2019-09-25 14:42:36,748 - INFO - AuthInterceptor.py - checklogin - 63 - 当前user_cookie:1f954558e04e141e7189ec02b504f98c
2019-09-25 14:42:36,750 - INFO - AuthInterceptor.py - checklogin - 65 - 当前request_cookie:1f954558e04e141e7189ec02b504f98c
2019-09-25 14:42:36,751 - INFO - AuthInterceptor.py - checklogin - 67 - user_id[1]的cookie验证通过
2019-09-25 14:42:37,649 - INFO - AuthInterceptor.py - checklogin - 63 - 当前user_cookie:1f954558e04e141e7189ec02b504f98c
2019-09-25 14:42:37,657 - INFO - AuthInterceptor.py - checklogin - 65 - 当前request_cookie:1f954558e04e141e7189ec02b504f98c
2019-09-25 14:42:37,659 - INFO - AuthInterceptor.py - checklogin - 67 - user_id[1]的cookie验证通过
2019-09-25 14:42:37,660 - INFO - AuthInterceptor.py - before_request - 33 - 登陆拦截器验证结果：True
2019-09-25 14:42:37,842 - INFO - AuthInterceptor.py - checklogin - 63 - 当前user_cookie:1f954558e04e141e7189ec02b504f98c
2019-09-25 14:42:37,843 - INFO - AuthInterceptor.py - checklogin - 65 - 当前request_cookie:1f954558e04e141e7189ec02b504f98c
2019-09-25 14:42:37,844 - INFO - AuthInterceptor.py - checklogin - 67 - user_id[1]的cookie验证通过
2019-09-25 14:42:37,879 - INFO - AuthInterceptor.py - checklogin - 63 - 当前user_cookie:1f954558e04e141e7189ec02b504f98c
2019-09-25 14:42:37,889 - INFO - AuthInterceptor.py - checklogin - 65 - 当前request_cookie:1f954558e04e141e7189ec02b504f98c
2019-09-25 14:42:37,890 - INFO - AuthInterceptor.py - checklogin - 67 - user_id[1]的cookie验证通过
2019-09-25 14:42:37,924 - INFO - AuthInterceptor.py - checklogin - 63 - 当前user_cookie:1f954558e04e141e7189ec02b504f98c
2019-09-25 14:42:37,925 - INFO - AuthInterceptor.py - checklogin - 65 - 当前request_cookie:1f954558e04e141e7189ec02b504f98c
2019-09-25 14:42:37,926 - INFO - AuthInterceptor.py - checklogin - 67 - user_id[1]的cookie验证通过
2019-09-25 14:42:37,952 - INFO - AuthInterceptor.py - checklogin - 63 - 当前user_cookie:1f954558e04e141e7189ec02b504f98c
2019-09-25 14:42:37,956 - INFO - AuthInterceptor.py - checklogin - 65 - 当前request_cookie:1f954558e04e141e7189ec02b504f98c
2019-09-25 14:42:37,957 - INFO - AuthInterceptor.py - checklogin - 67 - user_id[1]的cookie验证通过
2019-09-25 14:42:38,023 - INFO - AuthInterceptor.py - checklogin - 63 - 当前user_cookie:1f954558e04e141e7189ec02b504f98c
2019-09-25 14:42:38,026 - INFO - AuthInterceptor.py - checklogin - 65 - 当前request_cookie:1f954558e04e141e7189ec02b504f98c
2019-09-25 14:42:38,027 - INFO - AuthInterceptor.py - checklogin - 67 - user_id[1]的cookie验证通过
2019-09-25 14:42:38,068 - INFO - AuthInterceptor.py - checklogin - 63 - 当前user_cookie:1f954558e04e141e7189ec02b504f98c
2019-09-25 14:42:38,074 - INFO - AuthInterceptor.py - checklogin - 65 - 当前request_cookie:1f954558e04e141e7189ec02b504f98c
2019-09-25 14:42:38,077 - INFO - AuthInterceptor.py - checklogin - 67 - user_id[1]的cookie验证通过
2019-09-25 14:42:38,132 - INFO - AuthInterceptor.py - checklogin - 63 - 当前user_cookie:1f954558e04e141e7189ec02b504f98c
2019-09-25 14:42:38,137 - INFO - AuthInterceptor.py - checklogin - 65 - 当前request_cookie:1f954558e04e141e7189ec02b504f98c
2019-09-25 14:42:38,141 - INFO - AuthInterceptor.py - checklogin - 67 - user_id[1]的cookie验证通过
2019-09-25 14:42:39,618 - INFO - AuthInterceptor.py - checklogin - 63 - 当前user_cookie:1f954558e04e141e7189ec02b504f98c
2019-09-25 14:42:39,618 - INFO - AuthInterceptor.py - checklogin - 65 - 当前request_cookie:1f954558e04e141e7189ec02b504f98c
2019-09-25 14:42:39,619 - INFO - AuthInterceptor.py - checklogin - 67 - user_id[1]的cookie验证通过
2019-09-25 14:42:39,619 - INFO - AuthInterceptor.py - before_request - 33 - 登陆拦截器验证结果：True
2019-09-25 14:42:39,797 - INFO - AuthInterceptor.py - checklogin - 63 - 当前user_cookie:1f954558e04e141e7189ec02b504f98c
2019-09-25 14:42:39,801 - INFO - AuthInterceptor.py - checklogin - 65 - 当前request_cookie:1f954558e04e141e7189ec02b504f98c
2019-09-25 14:42:39,803 - INFO - AuthInterceptor.py - checklogin - 67 - user_id[1]的cookie验证通过
2019-09-25 14:42:39,832 - INFO - AuthInterceptor.py - checklogin - 63 - 当前user_cookie:1f954558e04e141e7189ec02b504f98c
2019-09-25 14:42:39,833 - INFO - AuthInterceptor.py - checklogin - 65 - 当前request_cookie:1f954558e04e141e7189ec02b504f98c
2019-09-25 14:42:39,834 - INFO - AuthInterceptor.py - checklogin - 67 - user_id[1]的cookie验证通过
2019-09-25 14:42:39,858 - INFO - AuthInterceptor.py - checklogin - 63 - 当前user_cookie:1f954558e04e141e7189ec02b504f98c
2019-09-25 14:42:39,859 - INFO - AuthInterceptor.py - checklogin - 65 - 当前request_cookie:1f954558e04e141e7189ec02b504f98c
2019-09-25 14:42:39,860 - INFO - AuthInterceptor.py - checklogin - 67 - user_id[1]的cookie验证通过
2019-09-25 14:42:39,995 - INFO - AuthInterceptor.py - checklogin - 63 - 当前user_cookie:1f954558e04e141e7189ec02b504f98c
2019-09-25 14:42:39,996 - INFO - AuthInterceptor.py - checklogin - 65 - 当前request_cookie:1f954558e04e141e7189ec02b504f98c
2019-09-25 14:42:40,004 - INFO - AuthInterceptor.py - checklogin - 67 - user_id[1]的cookie验证通过
2019-09-25 14:42:40,131 - INFO - AuthInterceptor.py - checklogin - 63 - 当前user_cookie:1f954558e04e141e7189ec02b504f98c
2019-09-25 14:42:40,134 - INFO - AuthInterceptor.py - checklogin - 65 - 当前request_cookie:1f954558e04e141e7189ec02b504f98c
2019-09-25 14:42:40,136 - INFO - AuthInterceptor.py - checklogin - 67 - user_id[1]的cookie验证通过
2019-09-25 14:42:40,157 - INFO - AuthInterceptor.py - checklogin - 63 - 当前user_cookie:1f954558e04e141e7189ec02b504f98c
2019-09-25 14:42:40,160 - INFO - AuthInterceptor.py - checklogin - 65 - 当前request_cookie:1f954558e04e141e7189ec02b504f98c
2019-09-25 14:42:40,163 - INFO - AuthInterceptor.py - checklogin - 67 - user_id[1]的cookie验证通过
2019-09-25 14:42:40,164 - INFO - AuthInterceptor.py - before_request - 33 - 登陆拦截器验证结果：True
2019-09-25 14:45:10,189 - INFO - manager.py - main - 19 - *******服务已重启*******
2019-09-25 14:50:40,164 - INFO - manager.py - main - 19 - *******服务已重启*******
2019-09-25 14:52:55,084 - INFO - manager.py - main - 19 - *******服务已重启*******
2019-09-25 14:53:02,562 - INFO - AuthInterceptor.py - checklogin - 63 - 当前user_cookie:1f954558e04e141e7189ec02b504f98c
2019-09-25 14:53:02,567 - INFO - AuthInterceptor.py - checklogin - 65 - 当前request_cookie:1f954558e04e141e7189ec02b504f98c
2019-09-25 14:53:02,568 - INFO - AuthInterceptor.py - checklogin - 67 - user_id[1]的cookie验证通过
2019-09-25 14:53:02,570 - INFO - AuthInterceptor.py - before_request - 33 - 登陆拦截器验证结果：True
2019-09-25 14:53:27,487 - INFO - manager.py - main - 19 - *******服务已重启*******
2019-09-25 14:53:35,874 - INFO - AuthInterceptor.py - checklogin - 63 - 当前user_cookie:1f954558e04e141e7189ec02b504f98c
2019-09-25 14:53:35,882 - INFO - AuthInterceptor.py - checklogin - 65 - 当前request_cookie:1f954558e04e141e7189ec02b504f98c
2019-09-25 14:53:35,885 - INFO - AuthInterceptor.py - checklogin - 67 - user_id[1]的cookie验证通过
2019-09-25 14:53:35,888 - INFO - AuthInterceptor.py - before_request - 33 - 登陆拦截器验证结果：True
2019-09-25 14:55:17,455 - INFO - manager.py - main - 19 - *******服务已重启*******
2019-09-25 14:55:21,549 - INFO - manager.py - main - 19 - *******服务已重启*******
2019-09-25 14:55:30,069 - INFO - AuthInterceptor.py - checklogin - 63 - 当前user_cookie:1f954558e04e141e7189ec02b504f98c
2019-09-25 14:55:30,070 - INFO - AuthInterceptor.py - checklogin - 65 - 当前request_cookie:1f954558e04e141e7189ec02b504f98c
2019-09-25 14:55:30,071 - INFO - AuthInterceptor.py - checklogin - 67 - user_id[1]的cookie验证通过
2019-09-25 14:55:30,072 - INFO - AuthInterceptor.py - before_request - 33 - 登陆拦截器验证结果：True
2019-09-25 14:55:30,081 - INFO - User.py - logout - 72 - 退出登录
2019-09-25 14:56:20,087 - INFO - User.py - login - 20 - 请求路径：/user/login，请求参数：CombinedMultiDict([ImmutableMultiDict([]), ImmutableMultiDict([('login_name', 'admin'), ('login_pwd', '1234567')])])
2019-09-25 14:56:30,381 - INFO - User.py - login - 34 - <UserInfo 1>
2019-09-25 14:56:30,381 - INFO - User.py - login - 53 - admin密码输错，输入为:1234567
2019-09-25 14:57:57,794 - INFO - manager.py - main - 19 - *******服务已重启*******
2019-09-25 14:58:02,138 - INFO - User.py - login - 20 - 请求路径：/user/login，请求参数：CombinedMultiDict([ImmutableMultiDict([]), ImmutableMultiDict([('login_name', 'admin'), ('login_pwd', '1234567')])])
2019-09-25 14:58:02,320 - INFO - User.py - login - 34 - <UserInfo 1>
2019-09-25 14:58:02,321 - INFO - User.py - login - 53 - admin密码输错，输入为:1234567
2019-09-25 15:04:05,590 - INFO - manager.py - main - 19 - *******服务已重启*******
2019-09-25 15:09:14,503 - INFO - User.py - login - 20 - 请求路径：/user/login，请求参数：CombinedMultiDict([ImmutableMultiDict([]), ImmutableMultiDict([('login_name', 'admin'), ('login_pwd', '123456')])])
2019-09-25 15:09:14,654 - INFO - User.py - login - 34 - <UserInfo 1>
2019-09-25 15:09:14,654 - INFO - User.py - login - 43 - admin登陆成功
2019-09-25 15:09:14,655 - INFO - User.py - login - 46 - admin生成的cookie：1f954558e04e141e7189ec02b504f98c
2019-09-25 15:09:15,954 - INFO - AuthInterceptor.py - checklogin - 63 - 当前user_cookie:1f954558e04e141e7189ec02b504f98c
2019-09-25 15:09:15,965 - INFO - AuthInterceptor.py - checklogin - 65 - 当前request_cookie:1f954558e04e141e7189ec02b504f98c
2019-09-25 15:09:15,966 - INFO - AuthInterceptor.py - checklogin - 67 - user_id[1]的cookie验证通过
2019-09-25 15:09:15,967 - INFO - AuthInterceptor.py - before_request - 33 - 登陆拦截器验证结果：True
2019-09-25 15:09:16,178 - INFO - AuthInterceptor.py - checklogin - 63 - 当前user_cookie:1f954558e04e141e7189ec02b504f98c
2019-09-25 15:09:16,180 - INFO - AuthInterceptor.py - checklogin - 65 - 当前request_cookie:1f954558e04e141e7189ec02b504f98c
2019-09-25 15:09:16,188 - INFO - AuthInterceptor.py - checklogin - 67 - user_id[1]的cookie验证通过
2019-09-25 15:09:16,237 - INFO - AuthInterceptor.py - checklogin - 63 - 当前user_cookie:1f954558e04e141e7189ec02b504f98c
2019-09-25 15:09:16,237 - INFO - AuthInterceptor.py - checklogin - 65 - 当前request_cookie:1f954558e04e141e7189ec02b504f98c
2019-09-25 15:09:16,238 - INFO - AuthInterceptor.py - checklogin - 67 - user_id[1]的cookie验证通过
2019-09-25 15:09:16,255 - INFO - AuthInterceptor.py - checklogin - 63 - 当前user_cookie:1f954558e04e141e7189ec02b504f98c
2019-09-25 15:09:16,256 - INFO - AuthInterceptor.py - checklogin - 65 - 当前request_cookie:1f954558e04e141e7189ec02b504f98c
2019-09-25 15:09:16,256 - INFO - AuthInterceptor.py - checklogin - 67 - user_id[1]的cookie验证通过
2019-09-25 15:09:16,377 - INFO - AuthInterceptor.py - checklogin - 63 - 当前user_cookie:1f954558e04e141e7189ec02b504f98c
2019-09-25 15:09:16,379 - INFO - AuthInterceptor.py - checklogin - 65 - 当前request_cookie:1f954558e04e141e7189ec02b504f98c
2019-09-25 15:09:16,385 - INFO - AuthInterceptor.py - checklogin - 67 - user_id[1]的cookie验证通过
2019-09-25 15:09:16,451 - INFO - AuthInterceptor.py - checklogin - 63 - 当前user_cookie:1f954558e04e141e7189ec02b504f98c
2019-09-25 15:09:16,452 - INFO - AuthInterceptor.py - checklogin - 65 - 当前request_cookie:1f954558e04e141e7189ec02b504f98c
2019-09-25 15:09:16,453 - INFO - AuthInterceptor.py - checklogin - 67 - user_id[1]的cookie验证通过
2019-09-25 15:30:56,071 - INFO - manager.py - main - 19 - *******服务已重启*******
2019-09-26 09:58:25,943 - INFO - manager.py - main - 18 - *******服务已重启*******
2019-09-26 09:58:27,677 - INFO - manager.py - main - 18 - *******服务已重启*******
2019-09-26 09:58:34,611 - INFO - AuthInterceptor.py - checklogin - 63 - 当前user_cookie:1f954558e04e141e7189ec02b504f98c
2019-09-26 09:58:34,620 - INFO - AuthInterceptor.py - checklogin - 65 - 当前request_cookie:1f954558e04e141e7189ec02b504f98c
2019-09-26 09:58:34,621 - INFO - AuthInterceptor.py - checklogin - 67 - user_id[1]的cookie验证通过
2019-09-26 09:58:34,622 - INFO - AuthInterceptor.py - before_request - 33 - 登陆拦截器验证结果：True
2019-09-26 09:58:34,811 - INFO - AuthInterceptor.py - checklogin - 63 - 当前user_cookie:1f954558e04e141e7189ec02b504f98c
2019-09-26 09:58:34,821 - INFO - AuthInterceptor.py - checklogin - 65 - 当前request_cookie:1f954558e04e141e7189ec02b504f98c
2019-09-26 09:58:34,837 - INFO - AuthInterceptor.py - checklogin - 67 - user_id[1]的cookie验证通过
2019-09-26 09:58:34,911 - INFO - AuthInterceptor.py - checklogin - 63 - 当前user_cookie:1f954558e04e141e7189ec02b504f98c
2019-09-26 09:58:34,912 - INFO - AuthInterceptor.py - checklogin - 65 - 当前request_cookie:1f954558e04e141e7189ec02b504f98c
2019-09-26 09:58:34,913 - INFO - AuthInterceptor.py - checklogin - 67 - user_id[1]的cookie验证通过
2019-09-26 09:58:34,957 - INFO - AuthInterceptor.py - checklogin - 63 - 当前user_cookie:1f954558e04e141e7189ec02b504f98c
2019-09-26 09:58:34,958 - INFO - AuthInterceptor.py - checklogin - 65 - 当前request_cookie:1f954558e04e141e7189ec02b504f98c
2019-09-26 09:58:34,958 - INFO - AuthInterceptor.py - checklogin - 67 - user_id[1]的cookie验证通过
2019-09-26 09:58:35,035 - INFO - AuthInterceptor.py - checklogin - 63 - 当前user_cookie:1f954558e04e141e7189ec02b504f98c
2019-09-26 09:58:35,038 - INFO - AuthInterceptor.py - checklogin - 65 - 当前request_cookie:1f954558e04e141e7189ec02b504f98c
2019-09-26 09:58:35,042 - INFO - AuthInterceptor.py - checklogin - 67 - user_id[1]的cookie验证通过
2019-09-26 09:58:35,249 - INFO - AuthInterceptor.py - checklogin - 63 - 当前user_cookie:1f954558e04e141e7189ec02b504f98c
2019-09-26 09:58:35,255 - INFO - AuthInterceptor.py - checklogin - 65 - 当前request_cookie:1f954558e04e141e7189ec02b504f98c
2019-09-26 09:58:35,256 - INFO - AuthInterceptor.py - checklogin - 67 - user_id[1]的cookie验证通过
2019-09-26 09:58:35,330 - INFO - AuthInterceptor.py - checklogin - 63 - 当前user_cookie:1f954558e04e141e7189ec02b504f98c
2019-09-26 09:58:35,330 - INFO - AuthInterceptor.py - checklogin - 65 - 当前request_cookie:1f954558e04e141e7189ec02b504f98c
2019-09-26 09:58:35,338 - INFO - AuthInterceptor.py - checklogin - 67 - user_id[1]的cookie验证通过
2019-09-26 09:58:35,411 - INFO - AuthInterceptor.py - checklogin - 63 - 当前user_cookie:1f954558e04e141e7189ec02b504f98c
2019-09-26 09:58:35,413 - INFO - AuthInterceptor.py - checklogin - 65 - 当前request_cookie:1f954558e04e141e7189ec02b504f98c
2019-09-26 09:58:35,415 - INFO - AuthInterceptor.py - checklogin - 67 - user_id[1]的cookie验证通过
2019-09-26 09:58:35,445 - INFO - AuthInterceptor.py - checklogin - 63 - 当前user_cookie:1f954558e04e141e7189ec02b504f98c
2019-09-26 09:58:35,448 - INFO - AuthInterceptor.py - checklogin - 65 - 当前request_cookie:1f954558e04e141e7189ec02b504f98c
2019-09-26 09:58:35,449 - INFO - AuthInterceptor.py - checklogin - 67 - user_id[1]的cookie验证通过
2019-09-26 09:58:35,485 - INFO - AuthInterceptor.py - checklogin - 63 - 当前user_cookie:1f954558e04e141e7189ec02b504f98c
2019-09-26 09:58:35,487 - INFO - AuthInterceptor.py - checklogin - 65 - 当前request_cookie:1f954558e04e141e7189ec02b504f98c
2019-09-26 09:58:35,488 - INFO - AuthInterceptor.py - checklogin - 67 - user_id[1]的cookie验证通过
2019-09-26 09:58:35,530 - INFO - AuthInterceptor.py - checklogin - 63 - 当前user_cookie:1f954558e04e141e7189ec02b504f98c
2019-09-26 09:58:35,530 - INFO - AuthInterceptor.py - checklogin - 65 - 当前request_cookie:1f954558e04e141e7189ec02b504f98c
2019-09-26 09:58:35,532 - INFO - AuthInterceptor.py - checklogin - 67 - user_id[1]的cookie验证通过
2019-09-26 09:58:35,581 - INFO - AuthInterceptor.py - checklogin - 63 - 当前user_cookie:1f954558e04e141e7189ec02b504f98c
2019-09-26 09:58:35,582 - INFO - AuthInterceptor.py - checklogin - 65 - 当前request_cookie:1f954558e04e141e7189ec02b504f98c
2019-09-26 09:58:35,584 - INFO - AuthInterceptor.py - checklogin - 67 - user_id[1]的cookie验证通过
2019-09-26 09:58:35,632 - INFO - AuthInterceptor.py - checklogin - 63 - 当前user_cookie:1f954558e04e141e7189ec02b504f98c
2019-09-26 09:58:35,639 - INFO - AuthInterceptor.py - checklogin - 65 - 当前request_cookie:1f954558e04e141e7189ec02b504f98c
2019-09-26 09:58:35,640 - INFO - AuthInterceptor.py - checklogin - 67 - user_id[1]的cookie验证通过
2019-09-26 09:58:39,007 - INFO - AuthInterceptor.py - checklogin - 63 - 当前user_cookie:1f954558e04e141e7189ec02b504f98c
2019-09-26 09:58:39,011 - INFO - AuthInterceptor.py - checklogin - 65 - 当前request_cookie:1f954558e04e141e7189ec02b504f98c
2019-09-26 09:58:39,011 - INFO - AuthInterceptor.py - checklogin - 67 - user_id[1]的cookie验证通过
2019-09-26 09:58:39,012 - INFO - AuthInterceptor.py - before_request - 33 - 登陆拦截器验证结果：True
2019-09-26 09:58:39,109 - INFO - AuthInterceptor.py - checklogin - 63 - 当前user_cookie:1f954558e04e141e7189ec02b504f98c
2019-09-26 09:58:39,110 - INFO - AuthInterceptor.py - checklogin - 65 - 当前request_cookie:1f954558e04e141e7189ec02b504f98c
2019-09-26 09:58:39,114 - INFO - AuthInterceptor.py - checklogin - 67 - user_id[1]的cookie验证通过
2019-09-26 09:58:40,586 - INFO - AuthInterceptor.py - checklogin - 63 - 当前user_cookie:1f954558e04e141e7189ec02b504f98c
2019-09-26 09:58:40,592 - INFO - AuthInterceptor.py - checklogin - 65 - 当前request_cookie:1f954558e04e141e7189ec02b504f98c
2019-09-26 09:58:40,592 - INFO - AuthInterceptor.py - checklogin - 67 - user_id[1]的cookie验证通过
2019-09-26 09:58:40,593 - INFO - AuthInterceptor.py - before_request - 33 - 登陆拦截器验证结果：True
2019-09-26 09:58:40,690 - INFO - AuthInterceptor.py - checklogin - 63 - 当前user_cookie:1f954558e04e141e7189ec02b504f98c
2019-09-26 09:58:40,696 - INFO - AuthInterceptor.py - checklogin - 65 - 当前request_cookie:1f954558e04e141e7189ec02b504f98c
2019-09-26 09:58:40,697 - INFO - AuthInterceptor.py - checklogin - 67 - user_id[1]的cookie验证通过
2019-09-26 09:58:40,718 - INFO - AuthInterceptor.py - checklogin - 63 - 当前user_cookie:1f954558e04e141e7189ec02b504f98c
2019-09-26 09:58:40,725 - INFO - AuthInterceptor.py - checklogin - 65 - 当前request_cookie:1f954558e04e141e7189ec02b504f98c
2019-09-26 09:58:40,726 - INFO - AuthInterceptor.py - checklogin - 67 - user_id[1]的cookie验证通过
2019-09-26 09:59:03,586 - INFO - AuthInterceptor.py - checklogin - 63 - 当前user_cookie:1f954558e04e141e7189ec02b504f98c
2019-09-26 09:59:03,587 - INFO - AuthInterceptor.py - checklogin - 65 - 当前request_cookie:1f954558e04e141e7189ec02b504f98c
2019-09-26 09:59:03,587 - INFO - AuthInterceptor.py - checklogin - 67 - user_id[1]的cookie验证通过
2019-09-26 09:59:03,587 - INFO - AuthInterceptor.py - before_request - 33 - 登陆拦截器验证结果：True
2019-09-26 09:59:03,682 - INFO - AuthInterceptor.py - checklogin - 63 - 当前user_cookie:1f954558e04e141e7189ec02b504f98c
2019-09-26 09:59:03,686 - INFO - AuthInterceptor.py - checklogin - 65 - 当前request_cookie:1f954558e04e141e7189ec02b504f98c
2019-09-26 09:59:03,689 - INFO - AuthInterceptor.py - checklogin - 67 - user_id[1]的cookie验证通过
2019-09-26 09:59:03,719 - INFO - AuthInterceptor.py - checklogin - 63 - 当前user_cookie:1f954558e04e141e7189ec02b504f98c
2019-09-26 09:59:03,723 - INFO - AuthInterceptor.py - checklogin - 65 - 当前request_cookie:1f954558e04e141e7189ec02b504f98c
2019-09-26 09:59:03,725 - INFO - AuthInterceptor.py - checklogin - 67 - user_id[1]的cookie验证通过
2019-09-26 09:59:03,817 - INFO - AuthInterceptor.py - checklogin - 63 - 当前user_cookie:1f954558e04e141e7189ec02b504f98c
2019-09-26 09:59:03,822 - INFO - AuthInterceptor.py - checklogin - 65 - 当前request_cookie:1f954558e04e141e7189ec02b504f98c
2019-09-26 09:59:03,823 - INFO - AuthInterceptor.py - checklogin - 67 - user_id[1]的cookie验证通过
2019-09-26 09:59:03,875 - INFO - AuthInterceptor.py - checklogin - 63 - 当前user_cookie:1f954558e04e141e7189ec02b504f98c
2019-09-26 09:59:03,876 - INFO - AuthInterceptor.py - checklogin - 65 - 当前request_cookie:1f954558e04e141e7189ec02b504f98c
2019-09-26 09:59:03,882 - INFO - AuthInterceptor.py - checklogin - 67 - user_id[1]的cookie验证通过
2019-09-26 09:59:49,506 - INFO - manager.py - main - 18 - *******服务已重启*******
2019-09-26 10:41:11,195 - INFO - manager.py - main - 18 - *******服务已重启*******
2019-09-26 10:41:13,022 - INFO - manager.py - main - 18 - *******服务已重启*******
2019-09-26 10:41:20,088 - INFO - AuthInterceptor.py - checklogin - 65 - 当前user_cookie:1f954558e04e141e7189ec02b504f98c
2019-09-26 10:41:20,093 - INFO - AuthInterceptor.py - checklogin - 67 - 当前request_cookie:1f954558e04e141e7189ec02b504f98c
2019-09-26 10:41:20,094 - INFO - AuthInterceptor.py - checklogin - 69 - user_id[1]的cookie验证通过
2019-09-26 10:41:20,096 - INFO - AuthInterceptor.py - before_request - 34 - 登陆拦截器验证结果：
2019-09-26 10:41:20,097 - INFO - AuthInterceptor.py - before_request - 39 - 跳转至登录页
2019-09-26 10:41:20,137 - INFO - AuthInterceptor.py - checklogin - 65 - 当前user_cookie:1f954558e04e141e7189ec02b504f98c
2019-09-26 10:41:20,140 - INFO - AuthInterceptor.py - checklogin - 67 - 当前request_cookie:1f954558e04e141e7189ec02b504f98c
2019-09-26 10:41:20,150 - INFO - AuthInterceptor.py - checklogin - 69 - user_id[1]的cookie验证通过
2019-09-26 10:41:20,370 - INFO - AuthInterceptor.py - checklogin - 65 - 当前user_cookie:1f954558e04e141e7189ec02b504f98c
2019-09-26 10:41:20,371 - INFO - AuthInterceptor.py - checklogin - 67 - 当前request_cookie:1f954558e04e141e7189ec02b504f98c
2019-09-26 10:41:20,375 - INFO - AuthInterceptor.py - checklogin - 69 - user_id[1]的cookie验证通过
2019-09-26 10:41:20,478 - INFO - AuthInterceptor.py - checklogin - 65 - 当前user_cookie:1f954558e04e141e7189ec02b504f98c
2019-09-26 10:41:20,479 - INFO - AuthInterceptor.py - checklogin - 67 - 当前request_cookie:1f954558e04e141e7189ec02b504f98c
2019-09-26 10:41:20,480 - INFO - AuthInterceptor.py - checklogin - 69 - user_id[1]的cookie验证通过
2019-09-26 10:41:20,534 - INFO - AuthInterceptor.py - checklogin - 65 - 当前user_cookie:1f954558e04e141e7189ec02b504f98c
2019-09-26 10:41:20,541 - INFO - AuthInterceptor.py - checklogin - 67 - 当前request_cookie:1f954558e04e141e7189ec02b504f98c
2019-09-26 10:41:20,544 - INFO - AuthInterceptor.py - checklogin - 69 - user_id[1]的cookie验证通过
2019-09-26 10:41:20,591 - INFO - AuthInterceptor.py - checklogin - 65 - 当前user_cookie:1f954558e04e141e7189ec02b504f98c
2019-09-26 10:41:20,593 - INFO - AuthInterceptor.py - checklogin - 67 - 当前request_cookie:1f954558e04e141e7189ec02b504f98c
2019-09-26 10:41:20,596 - INFO - AuthInterceptor.py - checklogin - 69 - user_id[1]的cookie验证通过
2019-09-26 10:41:20,634 - INFO - AuthInterceptor.py - checklogin - 65 - 当前user_cookie:1f954558e04e141e7189ec02b504f98c
2019-09-26 10:41:20,642 - INFO - AuthInterceptor.py - checklogin - 67 - 当前request_cookie:1f954558e04e141e7189ec02b504f98c
2019-09-26 10:41:20,644 - INFO - AuthInterceptor.py - checklogin - 69 - user_id[1]的cookie验证通过
2019-09-26 10:41:20,676 - INFO - AuthInterceptor.py - checklogin - 65 - 当前user_cookie:1f954558e04e141e7189ec02b504f98c
2019-09-26 10:41:20,683 - INFO - AuthInterceptor.py - checklogin - 67 - 当前request_cookie:1f954558e04e141e7189ec02b504f98c
2019-09-26 10:41:20,683 - INFO - AuthInterceptor.py - checklogin - 69 - user_id[1]的cookie验证通过
2019-09-26 10:41:20,713 - INFO - AuthInterceptor.py - checklogin - 65 - 当前user_cookie:1f954558e04e141e7189ec02b504f98c
2019-09-26 10:41:20,714 - INFO - AuthInterceptor.py - checklogin - 67 - 当前request_cookie:1f954558e04e141e7189ec02b504f98c
2019-09-26 10:41:20,715 - INFO - AuthInterceptor.py - checklogin - 69 - user_id[1]的cookie验证通过
2019-09-26 10:41:40,636 - INFO - AuthInterceptor.py - checklogin - 65 - 当前user_cookie:1f954558e04e141e7189ec02b504f98c
2019-09-26 10:41:40,636 - INFO - AuthInterceptor.py - checklogin - 67 - 当前request_cookie:1f954558e04e141e7189ec02b504f98c
2019-09-26 10:41:40,638 - INFO - AuthInterceptor.py - checklogin - 69 - user_id[1]的cookie验证通过
2019-09-26 10:41:40,646 - INFO - User.py - login - 20 - 请求路径：/user/login，请求参数：CombinedMultiDict([ImmutableMultiDict([]), ImmutableMultiDict([('login_name', 'admin'), ('login_pwd', '1234456')])])
2019-09-26 10:41:40,661 - INFO - User.py - login - 53 - admin密码输错，输入为:1234456
2019-09-26 10:41:40,706 - INFO - AuthInterceptor.py - checklogin - 65 - 当前user_cookie:1f954558e04e141e7189ec02b504f98c
2019-09-26 10:41:40,709 - INFO - AuthInterceptor.py - checklogin - 67 - 当前request_cookie:1f954558e04e141e7189ec02b504f98c
2019-09-26 10:41:40,710 - INFO - AuthInterceptor.py - checklogin - 69 - user_id[1]的cookie验证通过
2019-09-26 10:41:43,933 - INFO - AuthInterceptor.py - checklogin - 65 - 当前user_cookie:1f954558e04e141e7189ec02b504f98c
2019-09-26 10:41:43,933 - INFO - AuthInterceptor.py - checklogin - 67 - 当前request_cookie:1f954558e04e141e7189ec02b504f98c
2019-09-26 10:41:43,934 - INFO - AuthInterceptor.py - checklogin - 69 - user_id[1]的cookie验证通过
2019-09-26 10:41:43,939 - INFO - User.py - login - 20 - 请求路径：/user/login，请求参数：CombinedMultiDict([ImmutableMultiDict([]), ImmutableMultiDict([('login_name', 'admin'), ('login_pwd', '123456')])])
2019-09-26 10:41:43,947 - INFO - User.py - login - 43 - admin登陆成功
2019-09-26 10:41:43,955 - INFO - User.py - login - 46 - admin生成的cookie：1f954558e04e141e7189ec02b504f98c
2019-09-26 10:41:45,050 - INFO - AuthInterceptor.py - checklogin - 65 - 当前user_cookie:1f954558e04e141e7189ec02b504f98c
2019-09-26 10:41:45,058 - INFO - AuthInterceptor.py - checklogin - 67 - 当前request_cookie:1f954558e04e141e7189ec02b504f98c
2019-09-26 10:41:45,059 - INFO - AuthInterceptor.py - checklogin - 69 - user_id[1]的cookie验证通过
2019-09-26 10:41:45,062 - INFO - AuthInterceptor.py - before_request - 34 - 登陆拦截器验证结果：
2019-09-26 10:41:45,064 - INFO - AuthInterceptor.py - before_request - 39 - 跳转至登录页
2019-09-26 10:41:45,121 - INFO - AuthInterceptor.py - checklogin - 65 - 当前user_cookie:1f954558e04e141e7189ec02b504f98c
2019-09-26 10:41:45,123 - INFO - AuthInterceptor.py - checklogin - 67 - 当前request_cookie:1f954558e04e141e7189ec02b504f98c
2019-09-26 10:41:45,124 - INFO - AuthInterceptor.py - checklogin - 69 - user_id[1]的cookie验证通过
2019-09-26 10:43:06,588 - INFO - manager.py - main - 18 - *******服务已重启*******
2019-09-26 10:45:30,986 - INFO - manager.py - main - 18 - *******服务已重启*******
2019-09-26 10:45:35,321 - INFO - AuthInterceptor.py - checklogin - 63 - 当前user_cookie:1f954558e04e141e7189ec02b504f98c
2019-09-26 10:45:35,327 - INFO - AuthInterceptor.py - checklogin - 65 - 当前request_cookie:1f954558e04e141e7189ec02b504f98c
2019-09-26 10:45:35,328 - INFO - AuthInterceptor.py - checklogin - 67 - user_id[1]的cookie验证通过
2019-09-26 10:45:35,331 - INFO - User.py - login - 18 - 当前登录用户:1
2019-09-26 10:45:35,512 - INFO - AuthInterceptor.py - checklogin - 63 - 当前user_cookie:1f954558e04e141e7189ec02b504f98c
2019-09-26 10:45:35,514 - INFO - AuthInterceptor.py - checklogin - 65 - 当前request_cookie:1f954558e04e141e7189ec02b504f98c
2019-09-26 10:45:35,518 - INFO - AuthInterceptor.py - checklogin - 67 - user_id[1]的cookie验证通过
2019-09-26 10:45:35,587 - INFO - AuthInterceptor.py - checklogin - 63 - 当前user_cookie:1f954558e04e141e7189ec02b504f98c
2019-09-26 10:45:35,589 - INFO - AuthInterceptor.py - checklogin - 65 - 当前request_cookie:1f954558e04e141e7189ec02b504f98c
2019-09-26 10:45:35,590 - INFO - AuthInterceptor.py - checklogin - 67 - user_id[1]的cookie验证通过
2019-09-26 10:45:35,628 - INFO - AuthInterceptor.py - checklogin - 63 - 当前user_cookie:1f954558e04e141e7189ec02b504f98c
2019-09-26 10:45:35,631 - INFO - AuthInterceptor.py - checklogin - 65 - 当前request_cookie:1f954558e04e141e7189ec02b504f98c
2019-09-26 10:45:35,633 - INFO - AuthInterceptor.py - checklogin - 67 - user_id[1]的cookie验证通过
2019-09-26 10:45:35,665 - INFO - AuthInterceptor.py - checklogin - 63 - 当前user_cookie:1f954558e04e141e7189ec02b504f98c
2019-09-26 10:45:35,666 - INFO - AuthInterceptor.py - checklogin - 65 - 当前request_cookie:1f954558e04e141e7189ec02b504f98c
2019-09-26 10:45:35,667 - INFO - AuthInterceptor.py - checklogin - 67 - user_id[1]的cookie验证通过
2019-09-26 10:45:35,714 - INFO - AuthInterceptor.py - checklogin - 63 - 当前user_cookie:1f954558e04e141e7189ec02b504f98c
2019-09-26 10:45:35,715 - INFO - AuthInterceptor.py - checklogin - 65 - 当前request_cookie:1f954558e04e141e7189ec02b504f98c
2019-09-26 10:45:35,716 - INFO - AuthInterceptor.py - checklogin - 67 - user_id[1]的cookie验证通过
2019-09-26 10:45:35,755 - INFO - AuthInterceptor.py - checklogin - 63 - 当前user_cookie:1f954558e04e141e7189ec02b504f98c
2019-09-26 10:45:35,756 - INFO - AuthInterceptor.py - checklogin - 65 - 当前request_cookie:1f954558e04e141e7189ec02b504f98c
2019-09-26 10:45:35,760 - INFO - AuthInterceptor.py - checklogin - 67 - user_id[1]的cookie验证通过
2019-09-26 10:45:35,794 - INFO - AuthInterceptor.py - checklogin - 63 - 当前user_cookie:1f954558e04e141e7189ec02b504f98c
2019-09-26 10:45:35,794 - INFO - AuthInterceptor.py - checklogin - 65 - 当前request_cookie:1f954558e04e141e7189ec02b504f98c
2019-09-26 10:45:35,796 - INFO - AuthInterceptor.py - checklogin - 67 - user_id[1]的cookie验证通过
2019-09-26 10:45:35,830 - INFO - AuthInterceptor.py - checklogin - 63 - 当前user_cookie:1f954558e04e141e7189ec02b504f98c
2019-09-26 10:45:35,835 - INFO - AuthInterceptor.py - checklogin - 65 - 当前request_cookie:1f954558e04e141e7189ec02b504f98c
2019-09-26 10:45:35,836 - INFO - AuthInterceptor.py - checklogin - 67 - user_id[1]的cookie验证通过
2019-09-26 10:45:35,877 - INFO - AuthInterceptor.py - checklogin - 63 - 当前user_cookie:1f954558e04e141e7189ec02b504f98c
2019-09-26 10:45:35,877 - INFO - AuthInterceptor.py - checklogin - 65 - 当前request_cookie:1f954558e04e141e7189ec02b504f98c
2019-09-26 10:45:35,881 - INFO - AuthInterceptor.py - checklogin - 67 - user_id[1]的cookie验证通过
2019-09-26 10:45:35,914 - INFO - AuthInterceptor.py - checklogin - 63 - 当前user_cookie:1f954558e04e141e7189ec02b504f98c
2019-09-26 10:45:35,914 - INFO - AuthInterceptor.py - checklogin - 65 - 当前request_cookie:1f954558e04e141e7189ec02b504f98c
2019-09-26 10:45:35,915 - INFO - AuthInterceptor.py - checklogin - 67 - user_id[1]的cookie验证通过
2019-09-26 10:45:41,567 - INFO - AuthInterceptor.py - checklogin - 63 - 当前user_cookie:1f954558e04e141e7189ec02b504f98c
2019-09-26 10:45:41,569 - INFO - AuthInterceptor.py - checklogin - 65 - 当前request_cookie:1f954558e04e141e7189ec02b504f98c
2019-09-26 10:45:41,570 - INFO - AuthInterceptor.py - checklogin - 67 - user_id[1]的cookie验证通过
2019-09-26 10:45:41,575 - INFO - User.py - login - 23 - 请求路径：/user/login，请求参数：CombinedMultiDict([ImmutableMultiDict([]), ImmutableMultiDict([('login_name', 'admin'), ('login_pwd', '123456')])])
2019-09-26 10:45:41,587 - INFO - User.py - login - 46 - admin登陆成功
2019-09-26 10:45:41,588 - INFO - User.py - login - 49 - admin生成的cookie：1f954558e04e141e7189ec02b504f98c
2019-09-26 10:45:41,633 - INFO - AuthInterceptor.py - checklogin - 63 - 当前user_cookie:1f954558e04e141e7189ec02b504f98c
2019-09-26 10:45:41,636 - INFO - AuthInterceptor.py - checklogin - 65 - 当前request_cookie:1f954558e04e141e7189ec02b504f98c
2019-09-26 10:45:41,637 - INFO - AuthInterceptor.py - checklogin - 67 - user_id[1]的cookie验证通过
2019-09-26 10:45:42,835 - INFO - AuthInterceptor.py - checklogin - 63 - 当前user_cookie:1f954558e04e141e7189ec02b504f98c
2019-09-26 10:45:42,845 - INFO - AuthInterceptor.py - checklogin - 65 - 当前request_cookie:1f954558e04e141e7189ec02b504f98c
2019-09-26 10:45:42,853 - INFO - AuthInterceptor.py - checklogin - 67 - user_id[1]的cookie验证通过
2019-09-26 10:45:42,861 - INFO - AuthInterceptor.py - before_request - 33 - 登陆拦截器验证结果：True
2019-09-26 10:45:58,374 - INFO - AuthInterceptor.py - checklogin - 63 - 当前user_cookie:1f954558e04e141e7189ec02b504f98c
2019-09-26 10:45:58,374 - INFO - AuthInterceptor.py - checklogin - 65 - 当前request_cookie:1f954558e04e141e7189ec02b504f98c
2019-09-26 10:45:58,375 - INFO - AuthInterceptor.py - checklogin - 67 - user_id[1]的cookie验证通过
2019-09-26 10:45:58,375 - INFO - AuthInterceptor.py - before_request - 33 - 登陆拦截器验证结果：True
2019-09-26 10:46:44,090 - INFO - manager.py - main - 18 - *******服务已重启*******
2019-09-26 10:46:48,758 - INFO - AuthInterceptor.py - checklogin - 63 - 当前user_cookie:1f954558e04e141e7189ec02b504f98c
2019-09-26 10:46:48,763 - INFO - AuthInterceptor.py - checklogin - 65 - 当前request_cookie:1f954558e04e141e7189ec02b504f98c
2019-09-26 10:46:48,765 - INFO - AuthInterceptor.py - checklogin - 67 - user_id[1]的cookie验证通过
2019-09-26 10:46:48,766 - INFO - AuthInterceptor.py - before_request - 33 - 登陆拦截器验证结果：True
2019-09-26 10:47:07,724 - INFO - manager.py - main - 18 - *******服务已重启*******
2019-09-26 10:47:30,626 - INFO - AuthInterceptor.py - checklogin - 63 - 当前user_cookie:1f954558e04e141e7189ec02b504f98c
2019-09-26 10:47:30,630 - INFO - AuthInterceptor.py - checklogin - 65 - 当前request_cookie:1f954558e04e141e7189ec02b504f98c
2019-09-26 10:47:30,630 - INFO - AuthInterceptor.py - checklogin - 67 - user_id[1]的cookie验证通过
2019-09-26 10:47:30,632 - INFO - AuthInterceptor.py - before_request - 33 - 登陆拦截器验证结果：True
2019-09-26 10:47:30,632 - INFO - index.py - index - 13 - 当前登录用户:1
2019-09-26 10:54:09,264 - INFO - manager.py - main - 18 - *******服务已重启*******
2019-09-26 10:54:11,452 - INFO - manager.py - main - 18 - *******服务已重启*******
2019-09-26 10:54:17,926 - INFO - AuthInterceptor.py - checklogin - 63 - 当前user_cookie:1f954558e04e141e7189ec02b504f98c
2019-09-26 10:54:17,926 - INFO - AuthInterceptor.py - checklogin - 65 - 当前request_cookie:1f954558e04e141e7189ec02b504f98c
2019-09-26 10:54:17,927 - INFO - AuthInterceptor.py - checklogin - 67 - user_id[1]的cookie验证通过
2019-09-26 10:54:17,928 - INFO - AuthInterceptor.py - before_request - 33 - 登陆拦截器验证结果：True
2019-09-26 10:54:17,928 - INFO - index.py - index - 13 - 当前登录用户:admin
2019-09-26 10:54:18,035 - INFO - AuthInterceptor.py - checklogin - 63 - 当前user_cookie:1f954558e04e141e7189ec02b504f98c
2019-09-26 10:54:18,042 - INFO - AuthInterceptor.py - checklogin - 65 - 当前request_cookie:1f954558e04e141e7189ec02b504f98c
2019-09-26 10:54:18,044 - INFO - AuthInterceptor.py - checklogin - 67 - user_id[1]的cookie验证通过
2019-09-26 10:54:18,098 - INFO - AuthInterceptor.py - checklogin - 63 - 当前user_cookie:1f954558e04e141e7189ec02b504f98c
2019-09-26 10:54:18,106 - INFO - AuthInterceptor.py - checklogin - 65 - 当前request_cookie:1f954558e04e141e7189ec02b504f98c
2019-09-26 10:54:18,106 - INFO - AuthInterceptor.py - checklogin - 67 - user_id[1]的cookie验证通过
2019-09-26 10:54:18,148 - INFO - AuthInterceptor.py - checklogin - 63 - 当前user_cookie:1f954558e04e141e7189ec02b504f98c
2019-09-26 10:54:18,149 - INFO - AuthInterceptor.py - checklogin - 65 - 当前request_cookie:1f954558e04e141e7189ec02b504f98c
2019-09-26 10:54:18,156 - INFO - AuthInterceptor.py - checklogin - 67 - user_id[1]的cookie验证通过
2019-09-26 10:54:18,198 - INFO - AuthInterceptor.py - checklogin - 63 - 当前user_cookie:1f954558e04e141e7189ec02b504f98c
2019-09-26 10:54:18,199 - INFO - AuthInterceptor.py - checklogin - 65 - 当前request_cookie:1f954558e04e141e7189ec02b504f98c
2019-09-26 10:54:18,206 - INFO - AuthInterceptor.py - checklogin - 67 - user_id[1]的cookie验证通过
2019-09-26 10:54:18,236 - INFO - AuthInterceptor.py - checklogin - 63 - 当前user_cookie:1f954558e04e141e7189ec02b504f98c
2019-09-26 10:54:18,243 - INFO - AuthInterceptor.py - checklogin - 65 - 当前request_cookie:1f954558e04e141e7189ec02b504f98c
2019-09-26 10:54:18,246 - INFO - AuthInterceptor.py - checklogin - 67 - user_id[1]的cookie验证通过
2019-09-26 10:54:18,279 - INFO - AuthInterceptor.py - checklogin - 63 - 当前user_cookie:1f954558e04e141e7189ec02b504f98c
2019-09-26 10:54:18,282 - INFO - AuthInterceptor.py - checklogin - 65 - 当前request_cookie:1f954558e04e141e7189ec02b504f98c
2019-09-26 10:54:18,289 - INFO - AuthInterceptor.py - checklogin - 67 - user_id[1]的cookie验证通过
2019-09-26 10:54:18,319 - INFO - AuthInterceptor.py - checklogin - 63 - 当前user_cookie:1f954558e04e141e7189ec02b504f98c
2019-09-26 10:54:18,322 - INFO - AuthInterceptor.py - checklogin - 65 - 当前request_cookie:1f954558e04e141e7189ec02b504f98c
2019-09-26 10:54:18,324 - INFO - AuthInterceptor.py - checklogin - 67 - user_id[1]的cookie验证通过
2019-09-26 10:54:18,364 - INFO - AuthInterceptor.py - checklogin - 63 - 当前user_cookie:1f954558e04e141e7189ec02b504f98c
2019-09-26 10:54:18,367 - INFO - AuthInterceptor.py - checklogin - 65 - 当前request_cookie:1f954558e04e141e7189ec02b504f98c
2019-09-26 10:54:18,371 - INFO - AuthInterceptor.py - checklogin - 67 - user_id[1]的cookie验证通过
2019-09-26 10:54:18,414 - INFO - AuthInterceptor.py - checklogin - 63 - 当前user_cookie:1f954558e04e141e7189ec02b504f98c
2019-09-26 10:54:18,415 - INFO - AuthInterceptor.py - checklogin - 65 - 当前request_cookie:1f954558e04e141e7189ec02b504f98c
2019-09-26 10:54:18,416 - INFO - AuthInterceptor.py - checklogin - 67 - user_id[1]的cookie验证通过
2019-09-26 10:54:18,469 - INFO - AuthInterceptor.py - checklogin - 63 - 当前user_cookie:1f954558e04e141e7189ec02b504f98c
2019-09-26 10:54:18,472 - INFO - AuthInterceptor.py - checklogin - 65 - 当前request_cookie:1f954558e04e141e7189ec02b504f98c
2019-09-26 10:54:18,473 - INFO - AuthInterceptor.py - checklogin - 67 - user_id[1]的cookie验证通过
2019-09-26 10:57:32,098 - INFO - AuthInterceptor.py - checklogin - 63 - 当前user_cookie:1f954558e04e141e7189ec02b504f98c
2019-09-26 10:57:32,099 - INFO - AuthInterceptor.py - checklogin - 65 - 当前request_cookie:1f954558e04e141e7189ec02b504f98c
2019-09-26 10:57:32,106 - INFO - AuthInterceptor.py - checklogin - 67 - user_id[1]的cookie验证通过
2019-09-26 10:57:32,107 - INFO - AuthInterceptor.py - before_request - 33 - 登陆拦截器验证结果：True
2019-09-26 10:57:32,108 - INFO - index.py - index - 13 - 当前登录用户:admin
2019-09-26 10:57:32,208 - INFO - AuthInterceptor.py - checklogin - 63 - 当前user_cookie:1f954558e04e141e7189ec02b504f98c
2019-09-26 10:57:32,210 - INFO - AuthInterceptor.py - checklogin - 65 - 当前request_cookie:1f954558e04e141e7189ec02b504f98c
2019-09-26 10:57:32,213 - INFO - AuthInterceptor.py - checklogin - 67 - user_id[1]的cookie验证通过
2019-09-26 10:57:32,247 - INFO - AuthInterceptor.py - checklogin - 63 - 当前user_cookie:1f954558e04e141e7189ec02b504f98c
2019-09-26 10:57:32,251 - INFO - AuthInterceptor.py - checklogin - 65 - 当前request_cookie:1f954558e04e141e7189ec02b504f98c
2019-09-26 10:57:32,254 - INFO - AuthInterceptor.py - checklogin - 67 - user_id[1]的cookie验证通过
2019-09-26 10:57:32,293 - INFO - AuthInterceptor.py - checklogin - 63 - 当前user_cookie:1f954558e04e141e7189ec02b504f98c
2019-09-26 10:57:32,296 - INFO - AuthInterceptor.py - checklogin - 65 - 当前request_cookie:1f954558e04e141e7189ec02b504f98c
2019-09-26 10:57:32,302 - INFO - AuthInterceptor.py - checklogin - 67 - user_id[1]的cookie验证通过
2019-09-26 10:57:32,357 - INFO - AuthInterceptor.py - checklogin - 63 - 当前user_cookie:1f954558e04e141e7189ec02b504f98c
2019-09-26 10:57:32,357 - INFO - AuthInterceptor.py - checklogin - 65 - 当前request_cookie:1f954558e04e141e7189ec02b504f98c
2019-09-26 10:57:32,358 - INFO - AuthInterceptor.py - checklogin - 67 - user_id[1]的cookie验证通过
2019-09-26 10:57:32,390 - INFO - AuthInterceptor.py - checklogin - 63 - 当前user_cookie:1f954558e04e141e7189ec02b504f98c
2019-09-26 10:57:32,404 - INFO - AuthInterceptor.py - checklogin - 65 - 当前request_cookie:1f954558e04e141e7189ec02b504f98c
2019-09-26 10:57:32,405 - INFO - AuthInterceptor.py - checklogin - 67 - user_id[1]的cookie验证通过
2019-09-26 10:57:32,443 - INFO - AuthInterceptor.py - checklogin - 63 - 当前user_cookie:1f954558e04e141e7189ec02b504f98c
2019-09-26 10:57:32,453 - INFO - AuthInterceptor.py - checklogin - 65 - 当前request_cookie:1f954558e04e141e7189ec02b504f98c
2019-09-26 10:57:32,455 - INFO - AuthInterceptor.py - checklogin - 67 - user_id[1]的cookie验证通过
2019-09-26 10:57:32,492 - INFO - AuthInterceptor.py - checklogin - 63 - 当前user_cookie:1f954558e04e141e7189ec02b504f98c
2019-09-26 10:57:32,502 - INFO - AuthInterceptor.py - checklogin - 65 - 当前request_cookie:1f954558e04e141e7189ec02b504f98c
2019-09-26 10:57:32,504 - INFO - AuthInterceptor.py - checklogin - 67 - user_id[1]的cookie验证通过
2019-09-26 10:57:32,544 - INFO - AuthInterceptor.py - checklogin - 63 - 当前user_cookie:1f954558e04e141e7189ec02b504f98c
2019-09-26 10:57:32,547 - INFO - AuthInterceptor.py - checklogin - 65 - 当前request_cookie:1f954558e04e141e7189ec02b504f98c
2019-09-26 10:57:32,555 - INFO - AuthInterceptor.py - checklogin - 67 - user_id[1]的cookie验证通过
2019-09-26 10:57:32,606 - INFO - AuthInterceptor.py - checklogin - 63 - 当前user_cookie:1f954558e04e141e7189ec02b504f98c
2019-09-26 10:57:32,608 - INFO - AuthInterceptor.py - checklogin - 65 - 当前request_cookie:1f954558e04e141e7189ec02b504f98c
2019-09-26 10:57:32,612 - INFO - AuthInterceptor.py - checklogin - 67 - user_id[1]的cookie验证通过
2019-09-26 10:57:32,642 - INFO - AuthInterceptor.py - checklogin - 63 - 当前user_cookie:1f954558e04e141e7189ec02b504f98c
2019-09-26 10:57:32,652 - INFO - AuthInterceptor.py - checklogin - 65 - 当前request_cookie:1f954558e04e141e7189ec02b504f98c
2019-09-26 10:57:32,654 - INFO - AuthInterceptor.py - checklogin - 67 - user_id[1]的cookie验证通过
2019-09-26 10:57:48,226 - INFO - AuthInterceptor.py - checklogin - 63 - 当前user_cookie:1f954558e04e141e7189ec02b504f98c
2019-09-26 10:57:48,228 - INFO - AuthInterceptor.py - checklogin - 65 - 当前request_cookie:1f954558e04e141e7189ec02b504f98c
2019-09-26 10:57:48,229 - INFO - AuthInterceptor.py - checklogin - 67 - user_id[1]的cookie验证通过
2019-09-26 10:57:48,232 - INFO - AuthInterceptor.py - before_request - 33 - 登陆拦截器验证结果：True
2019-09-26 10:57:48,233 - INFO - index.py - index - 13 - 当前登录用户:admin
2019-09-26 10:57:48,345 - INFO - AuthInterceptor.py - checklogin - 63 - 当前user_cookie:1f954558e04e141e7189ec02b504f98c
2019-09-26 10:57:48,346 - INFO - AuthInterceptor.py - checklogin - 65 - 当前request_cookie:1f954558e04e141e7189ec02b504f98c
2019-09-26 10:57:48,347 - INFO - AuthInterceptor.py - checklogin - 67 - user_id[1]的cookie验证通过
2019-09-26 10:57:48,384 - INFO - AuthInterceptor.py - checklogin - 63 - 当前user_cookie:1f954558e04e141e7189ec02b504f98c
2019-09-26 10:57:48,393 - INFO - AuthInterceptor.py - checklogin - 65 - 当前request_cookie:1f954558e04e141e7189ec02b504f98c
2019-09-26 10:57:48,395 - INFO - AuthInterceptor.py - checklogin - 67 - user_id[1]的cookie验证通过
2019-09-26 10:57:48,427 - INFO - AuthInterceptor.py - checklogin - 63 - 当前user_cookie:1f954558e04e141e7189ec02b504f98c
2019-09-26 10:57:48,431 - INFO - AuthInterceptor.py - checklogin - 65 - 当前request_cookie:1f954558e04e141e7189ec02b504f98c
2019-09-26 10:57:48,432 - INFO - AuthInterceptor.py - checklogin - 67 - user_id[1]的cookie验证通过
2019-09-26 10:57:48,482 - INFO - AuthInterceptor.py - checklogin - 63 - 当前user_cookie:1f954558e04e141e7189ec02b504f98c
2019-09-26 10:57:48,482 - INFO - AuthInterceptor.py - checklogin - 65 - 当前request_cookie:1f954558e04e141e7189ec02b504f98c
2019-09-26 10:57:48,495 - INFO - AuthInterceptor.py - checklogin - 67 - user_id[1]的cookie验证通过
2019-09-26 10:57:48,545 - INFO - AuthInterceptor.py - checklogin - 63 - 当前user_cookie:1f954558e04e141e7189ec02b504f98c
2019-09-26 10:57:48,549 - INFO - AuthInterceptor.py - checklogin - 65 - 当前request_cookie:1f954558e04e141e7189ec02b504f98c
2019-09-26 10:57:48,551 - INFO - AuthInterceptor.py - checklogin - 67 - user_id[1]的cookie验证通过
2019-09-26 10:57:48,585 - INFO - AuthInterceptor.py - checklogin - 63 - 当前user_cookie:1f954558e04e141e7189ec02b504f98c
2019-09-26 10:57:48,593 - INFO - AuthInterceptor.py - checklogin - 65 - 当前request_cookie:1f954558e04e141e7189ec02b504f98c
2019-09-26 10:57:48,596 - INFO - AuthInterceptor.py - checklogin - 67 - user_id[1]的cookie验证通过
2019-09-26 10:57:48,629 - INFO - AuthInterceptor.py - checklogin - 63 - 当前user_cookie:1f954558e04e141e7189ec02b504f98c
2019-09-26 10:57:48,630 - INFO - AuthInterceptor.py - checklogin - 65 - 当前request_cookie:1f954558e04e141e7189ec02b504f98c
2019-09-26 10:57:48,631 - INFO - AuthInterceptor.py - checklogin - 67 - user_id[1]的cookie验证通过
2019-09-26 10:57:48,664 - INFO - AuthInterceptor.py - checklogin - 63 - 当前user_cookie:1f954558e04e141e7189ec02b504f98c
2019-09-26 10:57:48,671 - INFO - AuthInterceptor.py - checklogin - 65 - 当前request_cookie:1f954558e04e141e7189ec02b504f98c
2019-09-26 10:57:48,671 - INFO - AuthInterceptor.py - checklogin - 67 - user_id[1]的cookie验证通过
2019-09-26 10:57:48,703 - INFO - AuthInterceptor.py - checklogin - 63 - 当前user_cookie:1f954558e04e141e7189ec02b504f98c
2019-09-26 10:57:48,710 - INFO - AuthInterceptor.py - checklogin - 65 - 当前request_cookie:1f954558e04e141e7189ec02b504f98c
2019-09-26 10:57:48,710 - INFO - AuthInterceptor.py - checklogin - 67 - user_id[1]的cookie验证通过
2019-09-26 10:57:48,741 - INFO - AuthInterceptor.py - checklogin - 63 - 当前user_cookie:1f954558e04e141e7189ec02b504f98c
2019-09-26 10:57:48,742 - INFO - AuthInterceptor.py - checklogin - 65 - 当前request_cookie:1f954558e04e141e7189ec02b504f98c
2019-09-26 10:57:48,742 - INFO - AuthInterceptor.py - checklogin - 67 - user_id[1]的cookie验证通过
2019-09-26 10:57:55,765 - INFO - AuthInterceptor.py - checklogin - 63 - 当前user_cookie:1f954558e04e141e7189ec02b504f98c
2019-09-26 10:57:55,766 - INFO - AuthInterceptor.py - checklogin - 65 - 当前request_cookie:1f954558e04e141e7189ec02b504f98c
2019-09-26 10:57:55,767 - INFO - AuthInterceptor.py - checklogin - 67 - user_id[1]的cookie验证通过
2019-09-26 10:57:55,767 - INFO - AuthInterceptor.py - before_request - 33 - 登陆拦截器验证结果：True
2019-09-26 10:58:01,094 - INFO - AuthInterceptor.py - checklogin - 63 - 当前user_cookie:1f954558e04e141e7189ec02b504f98c
2019-09-26 10:58:01,100 - INFO - AuthInterceptor.py - checklogin - 65 - 当前request_cookie:1f954558e04e141e7189ec02b504f98c
2019-09-26 10:58:01,100 - INFO - AuthInterceptor.py - checklogin - 67 - user_id[1]的cookie验证通过
2019-09-26 10:58:01,101 - INFO - AuthInterceptor.py - before_request - 33 - 登陆拦截器验证结果：True
2019-09-26 10:58:01,102 - INFO - index.py - index - 13 - 当前登录用户:admin
2019-09-26 10:58:01,177 - INFO - AuthInterceptor.py - checklogin - 63 - 当前user_cookie:1f954558e04e141e7189ec02b504f98c
2019-09-26 10:58:01,181 - INFO - AuthInterceptor.py - checklogin - 65 - 当前request_cookie:1f954558e04e141e7189ec02b504f98c
2019-09-26 10:58:01,181 - INFO - AuthInterceptor.py - checklogin - 67 - user_id[1]的cookie验证通过
2019-09-26 10:58:01,207 - INFO - AuthInterceptor.py - checklogin - 63 - 当前user_cookie:1f954558e04e141e7189ec02b504f98c
2019-09-26 10:58:01,213 - INFO - AuthInterceptor.py - checklogin - 65 - 当前request_cookie:1f954558e04e141e7189ec02b504f98c
2019-09-26 10:58:01,214 - INFO - AuthInterceptor.py - checklogin - 67 - user_id[1]的cookie验证通过
2019-09-26 10:58:01,235 - INFO - AuthInterceptor.py - checklogin - 63 - 当前user_cookie:1f954558e04e141e7189ec02b504f98c
2019-09-26 10:58:01,236 - INFO - AuthInterceptor.py - checklogin - 65 - 当前request_cookie:1f954558e04e141e7189ec02b504f98c
2019-09-26 10:58:01,236 - INFO - AuthInterceptor.py - checklogin - 67 - user_id[1]的cookie验证通过
2019-09-26 10:58:01,277 - INFO - AuthInterceptor.py - checklogin - 63 - 当前user_cookie:1f954558e04e141e7189ec02b504f98c
2019-09-26 10:58:01,281 - INFO - AuthInterceptor.py - checklogin - 65 - 当前request_cookie:1f954558e04e141e7189ec02b504f98c
2019-09-26 10:58:01,283 - INFO - AuthInterceptor.py - checklogin - 67 - user_id[1]的cookie验证通过
2019-09-26 10:58:01,311 - INFO - AuthInterceptor.py - checklogin - 63 - 当前user_cookie:1f954558e04e141e7189ec02b504f98c
2019-09-26 10:58:01,318 - INFO - AuthInterceptor.py - checklogin - 65 - 当前request_cookie:1f954558e04e141e7189ec02b504f98c
2019-09-26 10:58:01,319 - INFO - AuthInterceptor.py - checklogin - 67 - user_id[1]的cookie验证通过
2019-09-26 10:58:01,355 - INFO - AuthInterceptor.py - checklogin - 63 - 当前user_cookie:1f954558e04e141e7189ec02b504f98c
2019-09-26 10:58:01,363 - INFO - AuthInterceptor.py - checklogin - 65 - 当前request_cookie:1f954558e04e141e7189ec02b504f98c
2019-09-26 10:58:01,366 - INFO - AuthInterceptor.py - checklogin - 67 - user_id[1]的cookie验证通过
2019-09-26 10:58:01,412 - INFO - AuthInterceptor.py - checklogin - 63 - 当前user_cookie:1f954558e04e141e7189ec02b504f98c
2019-09-26 10:58:01,418 - INFO - AuthInterceptor.py - checklogin - 65 - 当前request_cookie:1f954558e04e141e7189ec02b504f98c
2019-09-26 10:58:01,420 - INFO - AuthInterceptor.py - checklogin - 67 - user_id[1]的cookie验证通过
2019-09-26 10:58:01,460 - INFO - AuthInterceptor.py - checklogin - 63 - 当前user_cookie:1f954558e04e141e7189ec02b504f98c
2019-09-26 10:58:01,464 - INFO - AuthInterceptor.py - checklogin - 65 - 当前request_cookie:1f954558e04e141e7189ec02b504f98c
2019-09-26 10:58:01,466 - INFO - AuthInterceptor.py - checklogin - 67 - user_id[1]的cookie验证通过
2019-09-26 10:58:01,506 - INFO - AuthInterceptor.py - checklogin - 63 - 当前user_cookie:1f954558e04e141e7189ec02b504f98c
2019-09-26 10:58:01,515 - INFO - AuthInterceptor.py - checklogin - 65 - 当前request_cookie:1f954558e04e141e7189ec02b504f98c
2019-09-26 10:58:01,517 - INFO - AuthInterceptor.py - checklogin - 67 - user_id[1]的cookie验证通过
2019-09-26 10:58:01,575 - INFO - AuthInterceptor.py - checklogin - 63 - 当前user_cookie:1f954558e04e141e7189ec02b504f98c
2019-09-26 10:58:01,586 - INFO - AuthInterceptor.py - checklogin - 65 - 当前request_cookie:1f954558e04e141e7189ec02b504f98c
2019-09-26 10:58:01,587 - INFO - AuthInterceptor.py - checklogin - 67 - user_id[1]的cookie验证通过
2019-09-26 10:58:19,201 - INFO - AuthInterceptor.py - checklogin - 63 - 当前user_cookie:1f954558e04e141e7189ec02b504f98c
2019-09-26 10:58:19,202 - INFO - AuthInterceptor.py - checklogin - 65 - 当前request_cookie:1f954558e04e141e7189ec02b504f98c
2019-09-26 10:58:19,203 - INFO - AuthInterceptor.py - checklogin - 67 - user_id[1]的cookie验证通过
2019-09-26 10:58:19,204 - INFO - AuthInterceptor.py - before_request - 33 - 登陆拦截器验证结果：True
2019-09-26 10:58:19,208 - INFO - index.py - index - 13 - 当前登录用户:admin
